c:\Примеры Кода\Angular4MVC\Angular4MVC\app\app.component.js
c:\Примеры Кода\Angular4MVC\Angular4MVC\app\app.component.js.map
c:\Примеры Кода\Angular4MVC\Angular4MVC\app\Service\user.service.js
c:\Примеры Кода\Angular4MVC\Angular4MVC\app\Service\user.service.js.map
c:\Примеры Кода\Angular4MVC\Angular4MVC\app\Model\user.js
c:\Примеры Кода\Angular4MVC\Angular4MVC\app\Model\user.js.map
c:\Примеры Кода\Angular4MVC\Angular4MVC\app\Shared\enum.js
c:\Примеры Кода\Angular4MVC\Angular4MVC\app\Shared\enum.js.map
c:\Примеры Кода\Angular4MVC\Angular4MVC\app\Shared\global.js
c:\Примеры Кода\Angular4MVC\Angular4MVC\app\Shared\global.js.map
c:\Примеры Кода\Angular4MVC\Angular4MVC\app\components\manageuser.component.js
c:\Примеры Кода\Angular4MVC\Angular4MVC\app\components\manageuser.component.js.map
c:\Примеры Кода\Angular4MVC\Angular4MVC\app\filter\user.pipe.js
c:\Примеры Кода\Angular4MVC\Angular4MVC\app\filter\user.pipe.js.map
c:\Примеры Кода\Angular4MVC\Angular4MVC\app\components\user.component.js
c:\Примеры Кода\Angular4MVC\Angular4MVC\app\components\user.component.js.map
c:\Примеры Кода\Angular4MVC\Angular4MVC\app\components\home.component.js
c:\Примеры Кода\Angular4MVC\Angular4MVC\app\components\home.component.js.map
c:\Примеры Кода\Angular4MVC\Angular4MVC\app\app.routing.js
c:\Примеры Кода\Angular4MVC\Angular4MVC\app\app.routing.js.map
c:\Примеры Кода\Angular4MVC\Angular4MVC\app\Shared\search.component.js
c:\Примеры Кода\Angular4MVC\Angular4MVC\app\Shared\search.component.js.map
c:\Примеры Кода\Angular4MVC\Angular4MVC\app\Shared\errorhandler.js
c:\Примеры Кода\Angular4MVC\Angular4MVC\app\Shared\errorhandler.js.map
c:\Примеры Кода\Angular4MVC\Angular4MVC\app\Shared\datagrid\datagrid.util.js
c:\Примеры Кода\Angular4MVC\Angular4MVC\app\Shared\datagrid\datagrid.util.js.map
c:\Примеры Кода\Angular4MVC\Angular4MVC\app\Shared\datagrid\format.js
c:\Примеры Кода\Angular4MVC\Angular4MVC\app\Shared\datagrid\format.js.map
c:\Примеры Кода\Angular4MVC\Angular4MVC\app\Shared\datagrid\datagrid.component.js
c:\Примеры Кода\Angular4MVC\Angular4MVC\app\Shared\datagrid\datagrid.component.js.map
c:\Примеры Кода\Angular4MVC\Angular4MVC\app\Shared\datagrid\orderby.js
c:\Примеры Кода\Angular4MVC\Angular4MVC\app\Shared\datagrid\orderby.js.map
c:\Примеры Кода\Angular4MVC\Angular4MVC\app\app.module.js
c:\Примеры Кода\Angular4MVC\Angular4MVC\app\app.module.js.map
c:\Примеры Кода\Angular4MVC\Angular4MVC\app\main.js
c:\Примеры Кода\Angular4MVC\Angular4MVC\app\main.js.map
c:\Примеры Кода\Angular4MVC\Angular4MVC\app\app.component.js
c:\Примеры Кода\Angular4MVC\Angular4MVC\app\app.component.js.map
c:\Примеры Кода\Angular4MVC\Angular4MVC\app\Service\user.service.js
c:\Примеры Кода\Angular4MVC\Angular4MVC\app\Service\user.service.js.map
c:\Примеры Кода\Angular4MVC\Angular4MVC\app\Model\user.js
c:\Примеры Кода\Angular4MVC\Angular4MVC\app\Model\user.js.map
c:\Примеры Кода\Angular4MVC\Angular4MVC\app\Shared\enum.js
c:\Примеры Кода\Angular4MVC\Angular4MVC\app\Shared\enum.js.map
c:\Примеры Кода\Angular4MVC\Angular4MVC\app\Shared\global.js
c:\Примеры Кода\Angular4MVC\Angular4MVC\app\Shared\global.js.map
c:\Примеры Кода\Angular4MVC\Angular4MVC\app\components\manageuser.component.js
c:\Примеры Кода\Angular4MVC\Angular4MVC\app\components\manageuser.component.js.map
c:\Примеры Кода\Angular4MVC\Angular4MVC\app\filter\user.pipe.js
c:\Примеры Кода\Angular4MVC\Angular4MVC\app\filter\user.pipe.js.map
c:\Примеры Кода\Angular4MVC\Angular4MVC\app\components\user.component.js
c:\Примеры Кода\Angular4MVC\Angular4MVC\app\components\user.component.js.map
c:\Примеры Кода\Angular4MVC\Angular4MVC\app\components\home.component.js
c:\Примеры Кода\Angular4MVC\Angular4MVC\app\components\home.component.js.map
c:\Примеры Кода\Angular4MVC\Angular4MVC\app\app.routing.js
c:\Примеры Кода\Angular4MVC\Angular4MVC\app\app.routing.js.map
c:\Примеры Кода\Angular4MVC\Angular4MVC\app\Shared\search.component.js
c:\Примеры Кода\Angular4MVC\Angular4MVC\app\Shared\search.component.js.map
c:\Примеры Кода\Angular4MVC\Angular4MVC\app\Shared\errorhandler.js
c:\Примеры Кода\Angular4MVC\Angular4MVC\app\Shared\errorhandler.js.map
c:\Примеры Кода\Angular4MVC\Angular4MVC\app\Shared\datagrid\datagrid.util.js
c:\Примеры Кода\Angular4MVC\Angular4MVC\app\Shared\datagrid\datagrid.util.js.map
c:\Примеры Кода\Angular4MVC\Angular4MVC\app\Shared\datagrid\format.js
c:\Примеры Кода\Angular4MVC\Angular4MVC\app\Shared\datagrid\format.js.map
c:\Примеры Кода\Angular4MVC\Angular4MVC\app\Shared\datagrid\datagrid.component.js
c:\Примеры Кода\Angular4MVC\Angular4MVC\app\Shared\datagrid\datagrid.component.js.map
c:\Примеры Кода\Angular4MVC\Angular4MVC\app\Shared\datagrid\orderby.js
c:\Примеры Кода\Angular4MVC\Angular4MVC\app\Shared\datagrid\orderby.js.map
c:\Примеры Кода\Angular4MVC\Angular4MVC\app\app.module.js
c:\Примеры Кода\Angular4MVC\Angular4MVC\app\app.module.js.map
c:\Примеры Кода\Angular4MVC\Angular4MVC\app\main.js
c:\Примеры Кода\Angular4MVC\Angular4MVC\app\main.js.map
c:\Примеры Кода\Angular4MVC\Angular4MVC\app\app.component.js
c:\Примеры Кода\Angular4MVC\Angular4MVC\app\app.component.js.map
c:\Примеры Кода\Angular4MVC\Angular4MVC\app\Service\user.service.js
c:\Примеры Кода\Angular4MVC\Angular4MVC\app\Service\user.service.js.map
c:\Примеры Кода\Angular4MVC\Angular4MVC\app\Model\user.js
c:\Примеры Кода\Angular4MVC\Angular4MVC\app\Model\user.js.map
c:\Примеры Кода\Angular4MVC\Angular4MVC\app\Shared\enum.js
c:\Примеры Кода\Angular4MVC\Angular4MVC\app\Shared\enum.js.map
c:\Примеры Кода\Angular4MVC\Angular4MVC\app\Shared\global.js
c:\Примеры Кода\Angular4MVC\Angular4MVC\app\Shared\global.js.map
c:\Примеры Кода\Angular4MVC\Angular4MVC\app\components\manageuser.component.js
c:\Примеры Кода\Angular4MVC\Angular4MVC\app\components\manageuser.component.js.map
c:\Примеры Кода\Angular4MVC\Angular4MVC\app\filter\user.pipe.js
c:\Примеры Кода\Angular4MVC\Angular4MVC\app\filter\user.pipe.js.map
c:\Примеры Кода\Angular4MVC\Angular4MVC\app\components\user.component.js
c:\Примеры Кода\Angular4MVC\Angular4MVC\app\components\user.component.js.map
c:\Примеры Кода\Angular4MVC\Angular4MVC\app\components\home.component.js
c:\Примеры Кода\Angular4MVC\Angular4MVC\app\components\home.component.js.map
c:\Примеры Кода\Angular4MVC\Angular4MVC\app\app.routing.js
c:\Примеры Кода\Angular4MVC\Angular4MVC\app\app.routing.js.map
c:\Примеры Кода\Angular4MVC\Angular4MVC\app\Shared\search.component.js
c:\Примеры Кода\Angular4MVC\Angular4MVC\app\Shared\search.component.js.map
c:\Примеры Кода\Angular4MVC\Angular4MVC\app\Shared\errorhandler.js
c:\Примеры Кода\Angular4MVC\Angular4MVC\app\Shared\errorhandler.js.map
c:\Примеры Кода\Angular4MVC\Angular4MVC\app\Shared\datagrid\datagrid.util.js
c:\Примеры Кода\Angular4MVC\Angular4MVC\app\Shared\datagrid\datagrid.util.js.map
c:\Примеры Кода\Angular4MVC\Angular4MVC\app\Shared\datagrid\format.js
c:\Примеры Кода\Angular4MVC\Angular4MVC\app\Shared\datagrid\format.js.map
c:\Примеры Кода\Angular4MVC\Angular4MVC\app\Shared\datagrid\datagrid.component.js
c:\Примеры Кода\Angular4MVC\Angular4MVC\app\Shared\datagrid\datagrid.component.js.map
c:\Примеры Кода\Angular4MVC\Angular4MVC\app\Shared\datagrid\orderby.js
c:\Примеры Кода\Angular4MVC\Angular4MVC\app\Shared\datagrid\orderby.js.map
c:\Примеры Кода\Angular4MVC\Angular4MVC\app\app.module.js
c:\Примеры Кода\Angular4MVC\Angular4MVC\app\app.module.js.map
c:\Примеры Кода\Angular4MVC\Angular4MVC\app\main.js
c:\Примеры Кода\Angular4MVC\Angular4MVC\app\main.js.map
f:\Программирование\C#\Проэкты\Angular4MVC\Angular4MVC\app\app.component.js
f:\Программирование\C#\Проэкты\Angular4MVC\Angular4MVC\app\app.component.js.map
f:\Программирование\C#\Проэкты\Angular4MVC\Angular4MVC\app\Service\user.service.js
f:\Программирование\C#\Проэкты\Angular4MVC\Angular4MVC\app\Service\user.service.js.map
f:\Программирование\C#\Проэкты\Angular4MVC\Angular4MVC\app\Model\user.js
f:\Программирование\C#\Проэкты\Angular4MVC\Angular4MVC\app\Model\user.js.map
f:\Программирование\C#\Проэкты\Angular4MVC\Angular4MVC\app\Shared\enum.js
f:\Программирование\C#\Проэкты\Angular4MVC\Angular4MVC\app\Shared\enum.js.map
f:\Программирование\C#\Проэкты\Angular4MVC\Angular4MVC\app\Shared\global.js
f:\Программирование\C#\Проэкты\Angular4MVC\Angular4MVC\app\Shared\global.js.map
f:\Программирование\C#\Проэкты\Angular4MVC\Angular4MVC\app\components\manageuser.component.js
f:\Программирование\C#\Проэкты\Angular4MVC\Angular4MVC\app\components\manageuser.component.js.map
f:\Программирование\C#\Проэкты\Angular4MVC\Angular4MVC\app\filter\user.pipe.js
f:\Программирование\C#\Проэкты\Angular4MVC\Angular4MVC\app\filter\user.pipe.js.map
f:\Программирование\C#\Проэкты\Angular4MVC\Angular4MVC\app\components\user.component.js
f:\Программирование\C#\Проэкты\Angular4MVC\Angular4MVC\app\components\user.component.js.map
f:\Программирование\C#\Проэкты\Angular4MVC\Angular4MVC\app\components\home.component.js
f:\Программирование\C#\Проэкты\Angular4MVC\Angular4MVC\app\components\home.component.js.map
f:\Программирование\C#\Проэкты\Angular4MVC\Angular4MVC\app\app.routing.js
f:\Программирование\C#\Проэкты\Angular4MVC\Angular4MVC\app\app.routing.js.map
f:\Программирование\C#\Проэкты\Angular4MVC\Angular4MVC\app\Shared\search.component.js
f:\Программирование\C#\Проэкты\Angular4MVC\Angular4MVC\app\Shared\search.component.js.map
f:\Программирование\C#\Проэкты\Angular4MVC\Angular4MVC\app\Shared\errorhandler.js
f:\Программирование\C#\Проэкты\Angular4MVC\Angular4MVC\app\Shared\errorhandler.js.map
f:\Программирование\C#\Проэкты\Angular4MVC\Angular4MVC\app\Shared\datagrid\datagrid.util.js
f:\Программирование\C#\Проэкты\Angular4MVC\Angular4MVC\app\Shared\datagrid\datagrid.util.js.map
f:\Программирование\C#\Проэкты\Angular4MVC\Angular4MVC\app\Shared\datagrid\format.js
f:\Программирование\C#\Проэкты\Angular4MVC\Angular4MVC\app\Shared\datagrid\format.js.map
f:\Программирование\C#\Проэкты\Angular4MVC\Angular4MVC\app\Shared\datagrid\datagrid.component.js
f:\Программирование\C#\Проэкты\Angular4MVC\Angular4MVC\app\Shared\datagrid\datagrid.component.js.map
f:\Программирование\C#\Проэкты\Angular4MVC\Angular4MVC\app\Shared\datagrid\orderby.js
f:\Программирование\C#\Проэкты\Angular4MVC\Angular4MVC\app\Shared\datagrid\orderby.js.map
f:\Программирование\C#\Проэкты\Angular4MVC\Angular4MVC\app\app.module.js
f:\Программирование\C#\Проэкты\Angular4MVC\Angular4MVC\app\app.module.js.map
f:\Программирование\C#\Проэкты\Angular4MVC\Angular4MVC\app\main.js
f:\Программирование\C#\Проэкты\Angular4MVC\Angular4MVC\app\main.js.map
f:\Программирование\C#\Проэкты\Angular4MVC\Angular4MVC\app\app.component.js
f:\Программирование\C#\Проэкты\Angular4MVC\Angular4MVC\app\app.component.js.map
f:\Программирование\C#\Проэкты\Angular4MVC\Angular4MVC\app\Service\user.service.js
f:\Программирование\C#\Проэкты\Angular4MVC\Angular4MVC\app\Service\user.service.js.map
f:\Программирование\C#\Проэкты\Angular4MVC\Angular4MVC\app\Model\user.js
f:\Программирование\C#\Проэкты\Angular4MVC\Angular4MVC\app\Model\user.js.map
f:\Программирование\C#\Проэкты\Angular4MVC\Angular4MVC\app\Shared\enum.js
f:\Программирование\C#\Проэкты\Angular4MVC\Angular4MVC\app\Shared\enum.js.map
f:\Программирование\C#\Проэкты\Angular4MVC\Angular4MVC\app\Shared\global.js
f:\Программирование\C#\Проэкты\Angular4MVC\Angular4MVC\app\Shared\global.js.map
f:\Программирование\C#\Проэкты\Angular4MVC\Angular4MVC\app\components\manageuser.component.js
f:\Программирование\C#\Проэкты\Angular4MVC\Angular4MVC\app\components\manageuser.component.js.map
f:\Программирование\C#\Проэкты\Angular4MVC\Angular4MVC\app\filter\user.pipe.js
f:\Программирование\C#\Проэкты\Angular4MVC\Angular4MVC\app\filter\user.pipe.js.map
f:\Программирование\C#\Проэкты\Angular4MVC\Angular4MVC\app\components\user.component.js
f:\Программирование\C#\Проэкты\Angular4MVC\Angular4MVC\app\components\user.component.js.map
f:\Программирование\C#\Проэкты\Angular4MVC\Angular4MVC\app\components\home.component.js
f:\Программирование\C#\Проэкты\Angular4MVC\Angular4MVC\app\components\home.component.js.map
f:\Программирование\C#\Проэкты\Angular4MVC\Angular4MVC\app\app.routing.js
f:\Программирование\C#\Проэкты\Angular4MVC\Angular4MVC\app\app.routing.js.map
f:\Программирование\C#\Проэкты\Angular4MVC\Angular4MVC\app\Shared\search.component.js
f:\Программирование\C#\Проэкты\Angular4MVC\Angular4MVC\app\Shared\search.component.js.map
f:\Программирование\C#\Проэкты\Angular4MVC\Angular4MVC\app\Shared\errorhandler.js
f:\Программирование\C#\Проэкты\Angular4MVC\Angular4MVC\app\Shared\errorhandler.js.map
f:\Программирование\C#\Проэкты\Angular4MVC\Angular4MVC\app\Shared\datagrid\datagrid.util.js
f:\Программирование\C#\Проэкты\Angular4MVC\Angular4MVC\app\Shared\datagrid\datagrid.util.js.map
f:\Программирование\C#\Проэкты\Angular4MVC\Angular4MVC\app\Shared\datagrid\format.js
f:\Программирование\C#\Проэкты\Angular4MVC\Angular4MVC\app\Shared\datagrid\format.js.map
f:\Программирование\C#\Проэкты\Angular4MVC\Angular4MVC\app\Shared\datagrid\datagrid.component.js
f:\Программирование\C#\Проэкты\Angular4MVC\Angular4MVC\app\Shared\datagrid\datagrid.component.js.map
f:\Программирование\C#\Проэкты\Angular4MVC\Angular4MVC\app\Shared\datagrid\orderby.js
f:\Программирование\C#\Проэкты\Angular4MVC\Angular4MVC\app\Shared\datagrid\orderby.js.map
f:\Программирование\C#\Проэкты\Angular4MVC\Angular4MVC\app\app.module.js
f:\Программирование\C#\Проэкты\Angular4MVC\Angular4MVC\app\app.module.js.map
f:\Программирование\C#\Проэкты\Angular4MVC\Angular4MVC\app\main.js
f:\Программирование\C#\Проэкты\Angular4MVC\Angular4MVC\app\main.js.map
f:\Программирование\C#\Проэкты\Angular4MVC\Angular4MVC\app\app.component.js
f:\Программирование\C#\Проэкты\Angular4MVC\Angular4MVC\app\app.component.js.map
f:\Программирование\C#\Проэкты\Angular4MVC\Angular4MVC\app\Service\user.service.js
f:\Программирование\C#\Проэкты\Angular4MVC\Angular4MVC\app\Service\user.service.js.map
f:\Программирование\C#\Проэкты\Angular4MVC\Angular4MVC\app\Model\user.js
f:\Программирование\C#\Проэкты\Angular4MVC\Angular4MVC\app\Model\user.js.map
f:\Программирование\C#\Проэкты\Angular4MVC\Angular4MVC\app\Shared\enum.js
f:\Программирование\C#\Проэкты\Angular4MVC\Angular4MVC\app\Shared\enum.js.map
f:\Программирование\C#\Проэкты\Angular4MVC\Angular4MVC\app\Shared\global.js
f:\Программирование\C#\Проэкты\Angular4MVC\Angular4MVC\app\Shared\global.js.map
f:\Программирование\C#\Проэкты\Angular4MVC\Angular4MVC\app\components\manageuser.component.js
f:\Программирование\C#\Проэкты\Angular4MVC\Angular4MVC\app\components\manageuser.component.js.map
f:\Программирование\C#\Проэкты\Angular4MVC\Angular4MVC\app\filter\user.pipe.js
f:\Программирование\C#\Проэкты\Angular4MVC\Angular4MVC\app\filter\user.pipe.js.map
f:\Программирование\C#\Проэкты\Angular4MVC\Angular4MVC\app\components\user.component.js
f:\Программирование\C#\Проэкты\Angular4MVC\Angular4MVC\app\components\user.component.js.map
f:\Программирование\C#\Проэкты\Angular4MVC\Angular4MVC\app\components\home.component.js
f:\Программирование\C#\Проэкты\Angular4MVC\Angular4MVC\app\components\home.component.js.map
f:\Программирование\C#\Проэкты\Angular4MVC\Angular4MVC\app\app.routing.js
f:\Программирование\C#\Проэкты\Angular4MVC\Angular4MVC\app\app.routing.js.map
f:\Программирование\C#\Проэкты\Angular4MVC\Angular4MVC\app\Shared\search.component.js
f:\Программирование\C#\Проэкты\Angular4MVC\Angular4MVC\app\Shared\search.component.js.map
f:\Программирование\C#\Проэкты\Angular4MVC\Angular4MVC\app\Shared\errorhandler.js
f:\Программирование\C#\Проэкты\Angular4MVC\Angular4MVC\app\Shared\errorhandler.js.map
f:\Программирование\C#\Проэкты\Angular4MVC\Angular4MVC\app\Shared\datagrid\datagrid.util.js
f:\Программирование\C#\Проэкты\Angular4MVC\Angular4MVC\app\Shared\datagrid\datagrid.util.js.map
f:\Программирование\C#\Проэкты\Angular4MVC\Angular4MVC\app\Shared\datagrid\format.js
f:\Программирование\C#\Проэкты\Angular4MVC\Angular4MVC\app\Shared\datagrid\format.js.map
f:\Программирование\C#\Проэкты\Angular4MVC\Angular4MVC\app\Shared\datagrid\datagrid.component.js
f:\Программирование\C#\Проэкты\Angular4MVC\Angular4MVC\app\Shared\datagrid\datagrid.component.js.map
f:\Программирование\C#\Проэкты\Angular4MVC\Angular4MVC\app\Shared\datagrid\orderby.js
f:\Программирование\C#\Проэкты\Angular4MVC\Angular4MVC\app\Shared\datagrid\orderby.js.map
f:\Программирование\C#\Проэкты\Angular4MVC\Angular4MVC\app\app.module.js
f:\Программирование\C#\Проэкты\Angular4MVC\Angular4MVC\app\app.module.js.map
f:\Программирование\C#\Проэкты\Angular4MVC\Angular4MVC\app\main.js
f:\Программирование\C#\Проэкты\Angular4MVC\Angular4MVC\app\main.js.map
f:\Программирование\C#\Проэкты\Angular4MVC\Angular4MVC\app\app.component.js
f:\Программирование\C#\Проэкты\Angular4MVC\Angular4MVC\app\app.component.js.map
f:\Программирование\C#\Проэкты\Angular4MVC\Angular4MVC\app\Service\user.service.js
f:\Программирование\C#\Проэкты\Angular4MVC\Angular4MVC\app\Service\user.service.js.map
f:\Программирование\C#\Проэкты\Angular4MVC\Angular4MVC\app\Model\user.js
f:\Программирование\C#\Проэкты\Angular4MVC\Angular4MVC\app\Model\user.js.map
f:\Программирование\C#\Проэкты\Angular4MVC\Angular4MVC\app\Shared\enum.js
f:\Программирование\C#\Проэкты\Angular4MVC\Angular4MVC\app\Shared\enum.js.map
f:\Программирование\C#\Проэкты\Angular4MVC\Angular4MVC\app\Shared\global.js
f:\Программирование\C#\Проэкты\Angular4MVC\Angular4MVC\app\Shared\global.js.map
f:\Программирование\C#\Проэкты\Angular4MVC\Angular4MVC\app\components\manageuser.component.js
f:\Программирование\C#\Проэкты\Angular4MVC\Angular4MVC\app\components\manageuser.component.js.map
f:\Программирование\C#\Проэкты\Angular4MVC\Angular4MVC\app\filter\user.pipe.js
f:\Программирование\C#\Проэкты\Angular4MVC\Angular4MVC\app\filter\user.pipe.js.map
f:\Программирование\C#\Проэкты\Angular4MVC\Angular4MVC\app\components\user.component.js
f:\Программирование\C#\Проэкты\Angular4MVC\Angular4MVC\app\components\user.component.js.map
f:\Программирование\C#\Проэкты\Angular4MVC\Angular4MVC\app\components\home.component.js
f:\Программирование\C#\Проэкты\Angular4MVC\Angular4MVC\app\components\home.component.js.map
f:\Программирование\C#\Проэкты\Angular4MVC\Angular4MVC\app\app.routing.js
f:\Программирование\C#\Проэкты\Angular4MVC\Angular4MVC\app\app.routing.js.map
f:\Программирование\C#\Проэкты\Angular4MVC\Angular4MVC\app\Shared\search.component.js
f:\Программирование\C#\Проэкты\Angular4MVC\Angular4MVC\app\Shared\search.component.js.map
f:\Программирование\C#\Проэкты\Angular4MVC\Angular4MVC\app\Shared\errorhandler.js
f:\Программирование\C#\Проэкты\Angular4MVC\Angular4MVC\app\Shared\errorhandler.js.map
f:\Программирование\C#\Проэкты\Angular4MVC\Angular4MVC\app\Shared\datagrid\datagrid.util.js
f:\Программирование\C#\Проэкты\Angular4MVC\Angular4MVC\app\Shared\datagrid\datagrid.util.js.map
f:\Программирование\C#\Проэкты\Angular4MVC\Angular4MVC\app\Shared\datagrid\format.js
f:\Программирование\C#\Проэкты\Angular4MVC\Angular4MVC\app\Shared\datagrid\format.js.map
f:\Программирование\C#\Проэкты\Angular4MVC\Angular4MVC\app\Shared\datagrid\datagrid.component.js
f:\Программирование\C#\Проэкты\Angular4MVC\Angular4MVC\app\Shared\datagrid\datagrid.component.js.map
f:\Программирование\C#\Проэкты\Angular4MVC\Angular4MVC\app\Shared\datagrid\orderby.js
f:\Программирование\C#\Проэкты\Angular4MVC\Angular4MVC\app\Shared\datagrid\orderby.js.map
f:\Программирование\C#\Проэкты\Angular4MVC\Angular4MVC\app\app.module.js
f:\Программирование\C#\Проэкты\Angular4MVC\Angular4MVC\app\app.module.js.map
f:\Программирование\C#\Проэкты\Angular4MVC\Angular4MVC\app\main.js
f:\Программирование\C#\Проэкты\Angular4MVC\Angular4MVC\app\main.js.map
f:\Программирование\C#\Проэкты\Angular4MVC\Angular4MVC\app\app.component.js
f:\Программирование\C#\Проэкты\Angular4MVC\Angular4MVC\app\app.component.js.map
f:\Программирование\C#\Проэкты\Angular4MVC\Angular4MVC\app\Service\user.service.js
f:\Программирование\C#\Проэкты\Angular4MVC\Angular4MVC\app\Service\user.service.js.map
f:\Программирование\C#\Проэкты\Angular4MVC\Angular4MVC\app\Model\user.js
f:\Программирование\C#\Проэкты\Angular4MVC\Angular4MVC\app\Model\user.js.map
f:\Программирование\C#\Проэкты\Angular4MVC\Angular4MVC\app\Shared\enum.js
f:\Программирование\C#\Проэкты\Angular4MVC\Angular4MVC\app\Shared\enum.js.map
f:\Программирование\C#\Проэкты\Angular4MVC\Angular4MVC\app\Shared\global.js
f:\Программирование\C#\Проэкты\Angular4MVC\Angular4MVC\app\Shared\global.js.map
f:\Программирование\C#\Проэкты\Angular4MVC\Angular4MVC\app\components\manageuser.component.js
f:\Программирование\C#\Проэкты\Angular4MVC\Angular4MVC\app\components\manageuser.component.js.map
f:\Программирование\C#\Проэкты\Angular4MVC\Angular4MVC\app\filter\user.pipe.js
f:\Программирование\C#\Проэкты\Angular4MVC\Angular4MVC\app\filter\user.pipe.js.map
f:\Программирование\C#\Проэкты\Angular4MVC\Angular4MVC\app\components\user.component.js
f:\Программирование\C#\Проэкты\Angular4MVC\Angular4MVC\app\components\user.component.js.map
f:\Программирование\C#\Проэкты\Angular4MVC\Angular4MVC\app\components\home.component.js
f:\Программирование\C#\Проэкты\Angular4MVC\Angular4MVC\app\components\home.component.js.map
f:\Программирование\C#\Проэкты\Angular4MVC\Angular4MVC\app\app.routing.js
f:\Программирование\C#\Проэкты\Angular4MVC\Angular4MVC\app\app.routing.js.map
f:\Программирование\C#\Проэкты\Angular4MVC\Angular4MVC\app\Shared\search.component.js
f:\Программирование\C#\Проэкты\Angular4MVC\Angular4MVC\app\Shared\search.component.js.map
f:\Программирование\C#\Проэкты\Angular4MVC\Angular4MVC\app\Shared\errorhandler.js
f:\Программирование\C#\Проэкты\Angular4MVC\Angular4MVC\app\Shared\errorhandler.js.map
f:\Программирование\C#\Проэкты\Angular4MVC\Angular4MVC\app\Shared\datagrid\datagrid.util.js
f:\Программирование\C#\Проэкты\Angular4MVC\Angular4MVC\app\Shared\datagrid\datagrid.util.js.map
f:\Программирование\C#\Проэкты\Angular4MVC\Angular4MVC\app\Shared\datagrid\format.js
f:\Программирование\C#\Проэкты\Angular4MVC\Angular4MVC\app\Shared\datagrid\format.js.map
f:\Программирование\C#\Проэкты\Angular4MVC\Angular4MVC\app\Shared\datagrid\datagrid.component.js
f:\Программирование\C#\Проэкты\Angular4MVC\Angular4MVC\app\Shared\datagrid\datagrid.component.js.map
f:\Программирование\C#\Проэкты\Angular4MVC\Angular4MVC\app\Shared\datagrid\orderby.js
f:\Программирование\C#\Проэкты\Angular4MVC\Angular4MVC\app\Shared\datagrid\orderby.js.map
f:\Программирование\C#\Проэкты\Angular4MVC\Angular4MVC\app\app.module.js
f:\Программирование\C#\Проэкты\Angular4MVC\Angular4MVC\app\app.module.js.map
f:\Программирование\C#\Проэкты\Angular4MVC\Angular4MVC\app\main.js
f:\Программирование\C#\Проэкты\Angular4MVC\Angular4MVC\app\main.js.map
